2017-01-08 14:23:50 INFO  ClassPathXmlApplicationContext:581 - Refreshing org.springframework.context.support.ClassPathXmlApplicationContext@277c0f21: startup date [Sun Jan 08 14:23:50 GMT 2017]; root of context hierarchy
2017-01-08 14:23:51 INFO  XmlBeanDefinitionReader:317 - Loading XML bean definitions from class path resource [applicationContext.xml]
2017-01-08 14:23:51 INFO  AbstractQueryHandler:91 - Returned handler com.handlers.InputQueryMovieHandlerImpl@2e3fc542 for the given api themoviedbapi
2017-01-08 14:23:51 INFO  ApiCallServiceImpl:36 - Called api with the given details http://api.themoviedb.org/3/search/movie Parameters {api_key=08ec52a84fdc9c6236295533b241335b, query=Live At Wembely}
2017-01-08 14:23:52 INFO  ApiCallServiceImpl:70 - Response status SUCCESSFUL
2017-01-08 14:23:52 INFO  ApiCallServiceImpl:94 - Called helper api with the given details http://www.omdbapi.com/ Parameters t
2017-01-08 14:24:43 INFO  ClassPathXmlApplicationContext:581 - Refreshing org.springframework.context.support.ClassPathXmlApplicationContext@277c0f21: startup date [Sun Jan 08 14:24:43 GMT 2017]; root of context hierarchy
2017-01-08 14:24:43 INFO  XmlBeanDefinitionReader:317 - Loading XML bean definitions from class path resource [applicationContext.xml]
2017-01-08 14:24:43 INFO  AbstractQueryHandler:91 - Returned handler com.handlers.InputQueryMovieHandlerImpl@2e3fc542 for the given api themoviedbapi
2017-01-08 14:24:43 INFO  ApiCallServiceImpl:36 - Called api with the given details http://api.themoviedb.org/3/search/movie Parameters {api_key=08ec52a84fdc9c6236295533b241335b, query=Live At Wembley}
2017-01-08 14:24:44 INFO  ApiCallServiceImpl:70 - Response status SUCCESSFUL
2017-01-08 14:24:45 INFO  ApiCallServiceImpl:94 - Called helper api with the given details http://www.omdbapi.com/ Parameters t
2017-01-08 14:24:45 INFO  ApiCallServiceImpl:36 - Called api with the given details http://www.omdbapi.com/ Parameters {t=Babymetal - Live at Wembley}
2017-01-08 14:24:45 INFO  ApiCallServiceImpl:36 - Called api with the given details http://www.omdbapi.com/ Parameters {t=Bad Company - Live at Wembley}
2017-01-08 14:24:45 INFO  ApiCallServiceImpl:36 - Called api with the given details http://www.omdbapi.com/ Parameters {t=Oasis - Live at Wembley Arena}
2017-01-08 14:24:45 INFO  ApiCallServiceImpl:36 - Called api with the given details http://www.omdbapi.com/ Parameters {t=Metallica: [2007] Live at Wembley}
2017-01-08 14:24:45 INFO  ApiCallServiceImpl:36 - Called api with the given details http://www.omdbapi.com/ Parameters {t=Spice Girls: Live at Wembley Stadium}
2017-01-08 14:24:45 INFO  ApiCallServiceImpl:36 - Called api with the given details http://www.omdbapi.com/ Parameters {t=Queen: Live at Wembley Stadium}
2017-01-08 14:24:45 INFO  ApiCallServiceImpl:36 - Called api with the given details http://www.omdbapi.com/ Parameters {t=Dire Straits: Live at Wembley}
2017-01-08 14:24:45 INFO  ApiCallServiceImpl:36 - Called api with the given details http://www.omdbapi.com/ Parameters {t=Beyoncé: Live at Wembley}
2017-01-08 14:24:45 INFO  ApiCallServiceImpl:36 - Called api with the given details http://www.omdbapi.com/ Parameters {t=Bring Me the Horizon: Live at Wembley}
2017-01-08 14:24:45 INFO  ApiCallServiceImpl:36 - Called api with the given details http://www.omdbapi.com/ Parameters {t=Alter Bridge: Live at Wembley}
2017-01-08 14:24:45 INFO  ApiCallServiceImpl:36 - Called api with the given details http://www.omdbapi.com/ Parameters {t=Foo Fighters: Live at Wembley Stadium}
2017-01-08 14:24:45 INFO  ApiCallServiceImpl:36 - Called api with the given details http://www.omdbapi.com/ Parameters {t=Biffy Clyro: Revolutions Live at Wembley}
2017-01-08 14:24:45 INFO  ApiCallServiceImpl:36 - Called api with the given details http://www.omdbapi.com/ Parameters {t=Genesis - Live at Wembley Stadium}
2017-01-08 14:24:45 INFO  ApiCallServiceImpl:36 - Called api with the given details http://www.omdbapi.com/ Parameters {t=Atomic Kitten - Live at Wembley}
2017-01-08 14:24:45 INFO  ApiCallServiceImpl:36 - Called api with the given details http://www.omdbapi.com/ Parameters {t=Skid Row: Live at Wembley Stadium}
2017-01-08 14:24:45 INFO  ApiCallServiceImpl:36 - Called api with the given details http://www.omdbapi.com/ Parameters {t=Level 42 - Live at Wembley}
2017-01-08 14:24:45 INFO  ApiCallServiceImpl:36 - Called api with the given details http://www.omdbapi.com/ Parameters {t=Ed Sheeran - Live At Wembley Stadium}
2017-01-08 14:24:45 INFO  ApiCallServiceImpl:36 - Called api with the given details http://www.omdbapi.com/ Parameters {t=Girls Aloud: Live at Wembley}
2017-01-08 14:24:45 INFO  ApiCallServiceImpl:36 - Called api with the given details http://www.omdbapi.com/ Parameters {t=Duran Duran - Live At Wembley}
2017-01-08 14:24:45 INFO  ApiCallServiceImpl:36 - Called api with the given details http://www.omdbapi.com/ Parameters {t=Meat Loaf Live At Wembley 1982}
2017-01-08 14:24:46 INFO  ApiCallServiceImpl:70 - Response status SUCCESSFUL
2017-01-08 14:24:46 INFO  ApiCallServiceImpl:70 - Response status SUCCESSFUL
2017-01-08 14:24:46 INFO  ApiCallServiceImpl:70 - Response status SUCCESSFUL
2017-01-08 14:24:46 INFO  ApiCallServiceImpl:70 - Response status SUCCESSFUL
2017-01-08 14:24:46 INFO  ApiCallServiceImpl:70 - Response status SUCCESSFUL
2017-01-08 14:24:46 INFO  ApiCallServiceImpl:70 - Response status SUCCESSFUL
2017-01-08 14:24:46 INFO  ApiCallServiceImpl:70 - Response status SUCCESSFUL
2017-01-08 14:24:46 INFO  ApiCallServiceImpl:70 - Response status SUCCESSFUL
2017-01-08 14:24:46 INFO  ApiCallServiceImpl:70 - Response status SUCCESSFUL
2017-01-08 14:24:46 INFO  ApiCallServiceImpl:70 - Response status SUCCESSFUL
2017-01-08 14:24:46 INFO  ApiCallServiceImpl:70 - Response status SUCCESSFUL
2017-01-08 14:24:46 INFO  ApiCallServiceImpl:70 - Response status SUCCESSFUL
2017-01-08 14:24:46 INFO  ApiCallServiceImpl:70 - Response status SUCCESSFUL
2017-01-08 14:24:46 INFO  ApiCallServiceImpl:70 - Response status SUCCESSFUL
2017-01-08 14:24:46 INFO  ApiCallServiceImpl:70 - Response status SUCCESSFUL
2017-01-08 14:24:46 INFO  ApiCallServiceImpl:70 - Response status SUCCESSFUL
2017-01-08 14:24:46 INFO  ApiCallServiceImpl:70 - Response status SUCCESSFUL
2017-01-08 14:24:46 INFO  ApiCallServiceImpl:70 - Response status SUCCESSFUL
2017-01-08 14:24:46 INFO  ApiCallServiceImpl:70 - Response status SUCCESSFUL
2017-01-08 14:24:46 INFO  ApiCallServiceImpl:70 - Response status SUCCESSFUL
2017-01-08 14:26:56 INFO  ClassPathXmlApplicationContext:581 - Refreshing org.springframework.context.support.ClassPathXmlApplicationContext@277c0f21: startup date [Sun Jan 08 14:26:56 GMT 2017]; root of context hierarchy
2017-01-08 14:26:56 INFO  XmlBeanDefinitionReader:317 - Loading XML bean definitions from class path resource [applicationContext.xml]
2017-01-08 14:26:56 INFO  AbstractQueryHandler:91 - Returned handler com.handlers.InputQueryMovieHandlerImpl@2e3fc542 for the given api themoviedbapi
2017-01-08 14:26:56 INFO  ApiCallServiceImpl:36 - Called api with the given details http://api.themoviedb.org/3/search/movie Parameters {api_key=08ec52a84fdc9c6236295533b241335b, query=Live At Wembley}
2017-01-08 14:26:57 INFO  ApiCallServiceImpl:70 - Response status SUCCESSFUL
2017-01-08 14:26:58 INFO  ApiCallServiceImpl:94 - Called helper api with the given details http://www.omdbapi.com/ Parameters t
2017-01-08 14:26:58 INFO  ApiCallServiceImpl:36 - Called api with the given details http://www.omdbapi.com/ Parameters {t=Babymetal - Live at Wembley}
2017-01-08 14:26:58 INFO  ApiCallServiceImpl:36 - Called api with the given details http://www.omdbapi.com/ Parameters {t=Bad Company - Live at Wembley}
2017-01-08 14:26:58 INFO  ApiCallServiceImpl:36 - Called api with the given details http://www.omdbapi.com/ Parameters {t=Oasis - Live at Wembley Arena}
2017-01-08 14:26:58 INFO  ApiCallServiceImpl:36 - Called api with the given details http://www.omdbapi.com/ Parameters {t=Metallica: [2007] Live at Wembley}
2017-01-08 14:26:58 INFO  ApiCallServiceImpl:36 - Called api with the given details http://www.omdbapi.com/ Parameters {t=Spice Girls: Live at Wembley Stadium}
2017-01-08 14:26:58 INFO  ApiCallServiceImpl:36 - Called api with the given details http://www.omdbapi.com/ Parameters {t=Queen: Live at Wembley Stadium}
2017-01-08 14:26:58 INFO  ApiCallServiceImpl:36 - Called api with the given details http://www.omdbapi.com/ Parameters {t=Dire Straits: Live at Wembley}
2017-01-08 14:26:58 INFO  ApiCallServiceImpl:36 - Called api with the given details http://www.omdbapi.com/ Parameters {t=Beyoncé: Live at Wembley}
2017-01-08 14:26:58 INFO  ApiCallServiceImpl:36 - Called api with the given details http://www.omdbapi.com/ Parameters {t=Biffy Clyro: Revolutions Live at Wembley}
2017-01-08 14:26:58 INFO  ApiCallServiceImpl:36 - Called api with the given details http://www.omdbapi.com/ Parameters {t=Genesis - Live at Wembley Stadium}
2017-01-08 14:26:58 INFO  ApiCallServiceImpl:36 - Called api with the given details http://www.omdbapi.com/ Parameters {t=Atomic Kitten - Live at Wembley}
2017-01-08 14:26:58 INFO  ApiCallServiceImpl:36 - Called api with the given details http://www.omdbapi.com/ Parameters {t=Skid Row: Live at Wembley Stadium}
2017-01-08 14:26:58 INFO  ApiCallServiceImpl:36 - Called api with the given details http://www.omdbapi.com/ Parameters {t=Level 42 - Live at Wembley}
2017-01-08 14:26:58 INFO  ApiCallServiceImpl:36 - Called api with the given details http://www.omdbapi.com/ Parameters {t=Ed Sheeran - Live At Wembley Stadium}
2017-01-08 14:26:58 INFO  ApiCallServiceImpl:36 - Called api with the given details http://www.omdbapi.com/ Parameters {t=Girls Aloud: Live at Wembley}
2017-01-08 14:26:58 INFO  ApiCallServiceImpl:36 - Called api with the given details http://www.omdbapi.com/ Parameters {t=Duran Duran - Live At Wembley}
2017-01-08 14:26:58 INFO  ApiCallServiceImpl:36 - Called api with the given details http://www.omdbapi.com/ Parameters {t=Alter Bridge: Live at Wembley}
2017-01-08 14:26:58 INFO  ApiCallServiceImpl:36 - Called api with the given details http://www.omdbapi.com/ Parameters {t=Meat Loaf Live At Wembley 1982}
2017-01-08 14:26:58 INFO  ApiCallServiceImpl:36 - Called api with the given details http://www.omdbapi.com/ Parameters {t=Foo Fighters: Live at Wembley Stadium}
2017-01-08 14:26:58 INFO  ApiCallServiceImpl:36 - Called api with the given details http://www.omdbapi.com/ Parameters {t=Bring Me the Horizon: Live at Wembley}
2017-01-08 14:26:59 INFO  ApiCallServiceImpl:70 - Response status SUCCESSFUL
2017-01-08 14:26:59 INFO  ApiCallServiceImpl:70 - Response status SUCCESSFUL
2017-01-08 14:26:59 INFO  ApiCallServiceImpl:70 - Response status SUCCESSFUL
2017-01-08 14:26:59 INFO  ApiCallServiceImpl:70 - Response status SUCCESSFUL
2017-01-08 14:26:59 INFO  ApiCallServiceImpl:70 - Response status SUCCESSFUL
2017-01-08 14:26:59 INFO  ApiCallServiceImpl:70 - Response status SUCCESSFUL
2017-01-08 14:26:59 INFO  ApiCallServiceImpl:70 - Response status SUCCESSFUL
2017-01-08 14:26:59 INFO  ApiCallServiceImpl:70 - Response status SUCCESSFUL
2017-01-08 14:26:59 INFO  ApiCallServiceImpl:70 - Response status SUCCESSFUL
2017-01-08 14:26:59 INFO  ApiCallServiceImpl:70 - Response status SUCCESSFUL
2017-01-08 14:26:59 INFO  ApiCallServiceImpl:70 - Response status SUCCESSFUL
2017-01-08 14:26:59 INFO  ApiCallServiceImpl:70 - Response status SUCCESSFUL
2017-01-08 14:26:59 INFO  ApiCallServiceImpl:70 - Response status SUCCESSFUL
2017-01-08 14:26:59 INFO  ApiCallServiceImpl:70 - Response status SUCCESSFUL
2017-01-08 14:26:59 INFO  ApiCallServiceImpl:70 - Response status SUCCESSFUL
2017-01-08 14:26:59 INFO  ApiCallServiceImpl:70 - Response status SUCCESSFUL
2017-01-08 14:26:59 INFO  ApiCallServiceImpl:70 - Response status SUCCESSFUL
2017-01-08 14:26:59 INFO  ApiCallServiceImpl:70 - Response status SUCCESSFUL
2017-01-08 14:26:59 INFO  ApiCallServiceImpl:70 - Response status SUCCESSFUL
2017-01-08 14:26:59 INFO  ApiCallServiceImpl:70 - Response status SUCCESSFUL
2017-01-08 14:49:01 INFO  ClassPathXmlApplicationContext:581 - Refreshing org.springframework.context.support.ClassPathXmlApplicationContext@631330c: startup date [Sun Jan 08 14:49:01 GMT 2017]; root of context hierarchy
2017-01-08 14:49:01 INFO  XmlBeanDefinitionReader:317 - Loading XML bean definitions from class path resource [applicationContext.xml]
2017-01-08 14:49:03 INFO  AbstractQueryHandler:91 - Returned handler com.handlers.InputQueryMovieHandlerImpl@8458f04 for the given api themoviedbapi
2017-01-08 14:49:05 INFO  ApiCallServiceImpl:36 - Called api with the given details http://api.themoviedb.org/3/search/movie Parameters {api_key=08ec52a84fdc9c6236295533b241335b, query=Live At Wembley}
2017-01-08 14:49:07 INFO  ApiCallServiceImpl:70 - Response status SUCCESSFUL
2017-01-08 14:49:08 INFO  ApiCallServiceImpl:94 - Called helper api with the given details http://www.omdbapi.com/ Parameters t
2017-01-08 14:49:09 INFO  ApiCallServiceImpl:36 - Called api with the given details http://www.omdbapi.com/ Parameters {t=Level 42 - Live at Wembley}
2017-01-08 14:49:09 INFO  ApiCallServiceImpl:36 - Called api with the given details http://www.omdbapi.com/ Parameters {t=Bring Me the Horizon: Live at Wembley}
2017-01-08 14:49:09 INFO  ApiCallServiceImpl:36 - Called api with the given details http://www.omdbapi.com/ Parameters {t=Metallica: [2007] Live at Wembley}
2017-01-08 14:49:09 INFO  ApiCallServiceImpl:36 - Called api with the given details http://www.omdbapi.com/ Parameters {t=Biffy Clyro: Revolutions Live at Wembley}
2017-01-08 14:49:09 INFO  ApiCallServiceImpl:36 - Called api with the given details http://www.omdbapi.com/ Parameters {t=Meat Loaf Live At Wembley 1982}
2017-01-08 14:49:09 INFO  ApiCallServiceImpl:36 - Called api with the given details http://www.omdbapi.com/ Parameters {t=Skid Row: Live at Wembley Stadium}
2017-01-08 14:49:09 INFO  ApiCallServiceImpl:36 - Called api with the given details http://www.omdbapi.com/ Parameters {t=Genesis - Live at Wembley Stadium}
2017-01-08 14:49:09 INFO  ApiCallServiceImpl:36 - Called api with the given details http://www.omdbapi.com/ Parameters {t=Babymetal - Live at Wembley}
2017-01-08 14:49:09 INFO  ApiCallServiceImpl:36 - Called api with the given details http://www.omdbapi.com/ Parameters {t=Bad Company - Live at Wembley}
2017-01-08 14:49:09 INFO  ApiCallServiceImpl:36 - Called api with the given details http://www.omdbapi.com/ Parameters {t=Ed Sheeran - Live At Wembley Stadium}
2017-01-08 14:49:09 INFO  ApiCallServiceImpl:36 - Called api with the given details http://www.omdbapi.com/ Parameters {t=Foo Fighters: Live at Wembley Stadium}
2017-01-08 14:49:09 INFO  ApiCallServiceImpl:36 - Called api with the given details http://www.omdbapi.com/ Parameters {t=Duran Duran - Live At Wembley}
2017-01-08 14:49:09 INFO  ApiCallServiceImpl:36 - Called api with the given details http://www.omdbapi.com/ Parameters {t=Queen: Live at Wembley Stadium}
2017-01-08 14:49:09 INFO  ApiCallServiceImpl:36 - Called api with the given details http://www.omdbapi.com/ Parameters {t=Spice Girls: Live at Wembley Stadium}
2017-01-08 14:49:09 INFO  ApiCallServiceImpl:36 - Called api with the given details http://www.omdbapi.com/ Parameters {t=Oasis - Live at Wembley Arena}
2017-01-08 14:49:09 INFO  ApiCallServiceImpl:36 - Called api with the given details http://www.omdbapi.com/ Parameters {t=Alter Bridge: Live at Wembley}
2017-01-08 14:49:09 INFO  ApiCallServiceImpl:36 - Called api with the given details http://www.omdbapi.com/ Parameters {t=Dire Straits: Live at Wembley}
2017-01-08 14:49:09 INFO  ApiCallServiceImpl:36 - Called api with the given details http://www.omdbapi.com/ Parameters {t=Girls Aloud: Live at Wembley}
2017-01-08 14:49:09 INFO  ApiCallServiceImpl:36 - Called api with the given details http://www.omdbapi.com/ Parameters {t=Beyoncé: Live at Wembley}
2017-01-08 14:49:09 INFO  ApiCallServiceImpl:36 - Called api with the given details http://www.omdbapi.com/ Parameters {t=Atomic Kitten - Live at Wembley}
2017-01-08 14:49:10 INFO  ApiCallServiceImpl:70 - Response status SUCCESSFUL
2017-01-08 14:49:10 INFO  ApiCallServiceImpl:70 - Response status SUCCESSFUL
2017-01-08 14:49:10 INFO  ApiCallServiceImpl:70 - Response status SUCCESSFUL
2017-01-08 14:49:10 INFO  ApiCallServiceImpl:70 - Response status SUCCESSFUL
2017-01-08 14:49:10 INFO  ApiCallServiceImpl:70 - Response status SUCCESSFUL
2017-01-08 14:49:10 INFO  ApiCallServiceImpl:70 - Response status SUCCESSFUL
2017-01-08 14:49:10 INFO  ApiCallServiceImpl:70 - Response status SUCCESSFUL
2017-01-08 14:49:10 INFO  ApiCallServiceImpl:70 - Response status SUCCESSFUL
2017-01-08 14:49:10 INFO  ApiCallServiceImpl:70 - Response status SUCCESSFUL
2017-01-08 14:49:10 INFO  ApiCallServiceImpl:70 - Response status SUCCESSFUL
2017-01-08 14:49:10 INFO  ApiCallServiceImpl:70 - Response status SUCCESSFUL
2017-01-08 14:49:10 INFO  ApiCallServiceImpl:70 - Response status SUCCESSFUL
2017-01-08 14:49:10 INFO  ApiCallServiceImpl:70 - Response status SUCCESSFUL
2017-01-08 14:49:10 INFO  ApiCallServiceImpl:70 - Response status SUCCESSFUL
2017-01-08 14:49:10 INFO  ApiCallServiceImpl:70 - Response status SUCCESSFUL
2017-01-08 14:49:10 INFO  ApiCallServiceImpl:70 - Response status SUCCESSFUL
2017-01-08 14:49:10 INFO  ApiCallServiceImpl:70 - Response status SUCCESSFUL
2017-01-08 14:49:10 INFO  ApiCallServiceImpl:70 - Response status SUCCESSFUL
2017-01-08 14:49:10 INFO  ApiCallServiceImpl:70 - Response status SUCCESSFUL
2017-01-08 14:49:10 INFO  ApiCallServiceImpl:70 - Response status SUCCESSFUL
2017-01-08 14:50:34 INFO  ClassPathXmlApplicationContext:581 - Refreshing org.springframework.context.support.ClassPathXmlApplicationContext@277c0f21: startup date [Sun Jan 08 14:50:34 GMT 2017]; root of context hierarchy
2017-01-08 14:50:34 INFO  XmlBeanDefinitionReader:317 - Loading XML bean definitions from class path resource [applicationContext.xml]
2017-01-08 14:50:34 INFO  AbstractQueryHandler:91 - Returned handler com.handlers.InputQueryMovieHandlerImpl@2e3fc542 for the given api themoviedbapi
2017-01-08 14:50:34 INFO  ApiCallServiceImpl:36 - Called api with the given details http://api.themoviedb.org/3/search/movie Parameters {api_key=08ec52a84fdc9c6236295533b241335b, query=Live At Wembley}
2017-01-08 14:50:35 INFO  ApiCallServiceImpl:70 - Response status SUCCESSFUL
2017-01-08 14:50:36 INFO  ApiCallServiceImpl:94 - Called helper api with the given details http://www.omdbapi.com/ Parameters t
2017-01-08 14:50:36 INFO  ApiCallServiceImpl:36 - Called api with the given details http://www.omdbapi.com/ Parameters {t=Babymetal - Live at Wembley}
2017-01-08 14:50:36 INFO  ApiCallServiceImpl:36 - Called api with the given details http://www.omdbapi.com/ Parameters {t=Bad Company - Live at Wembley}
2017-01-08 14:50:36 INFO  ApiCallServiceImpl:36 - Called api with the given details http://www.omdbapi.com/ Parameters {t=Oasis - Live at Wembley Arena}
2017-01-08 14:50:36 INFO  ApiCallServiceImpl:36 - Called api with the given details http://www.omdbapi.com/ Parameters {t=Girls Aloud: Live at Wembley}
2017-01-08 14:50:36 INFO  ApiCallServiceImpl:36 - Called api with the given details http://www.omdbapi.com/ Parameters {t=Queen: Live at Wembley Stadium}
2017-01-08 14:50:36 INFO  ApiCallServiceImpl:36 - Called api with the given details http://www.omdbapi.com/ Parameters {t=Spice Girls: Live at Wembley Stadium}
2017-01-08 14:50:36 INFO  ApiCallServiceImpl:36 - Called api with the given details http://www.omdbapi.com/ Parameters {t=Dire Straits: Live at Wembley}
2017-01-08 14:50:36 INFO  ApiCallServiceImpl:36 - Called api with the given details http://www.omdbapi.com/ Parameters {t=Beyoncé: Live at Wembley}
2017-01-08 14:50:36 INFO  ApiCallServiceImpl:36 - Called api with the given details http://www.omdbapi.com/ Parameters {t=Bring Me the Horizon: Live at Wembley}
2017-01-08 14:50:36 INFO  ApiCallServiceImpl:36 - Called api with the given details http://www.omdbapi.com/ Parameters {t=Foo Fighters: Live at Wembley Stadium}
2017-01-08 14:50:36 INFO  ApiCallServiceImpl:36 - Called api with the given details http://www.omdbapi.com/ Parameters {t=Meat Loaf Live At Wembley 1982}
2017-01-08 14:50:36 INFO  ApiCallServiceImpl:36 - Called api with the given details http://www.omdbapi.com/ Parameters {t=Alter Bridge: Live at Wembley}
2017-01-08 14:50:36 INFO  ApiCallServiceImpl:36 - Called api with the given details http://www.omdbapi.com/ Parameters {t=Duran Duran - Live At Wembley}
2017-01-08 14:50:36 INFO  ApiCallServiceImpl:36 - Called api with the given details http://www.omdbapi.com/ Parameters {t=Metallica: [2007] Live at Wembley}
2017-01-08 14:50:36 INFO  ApiCallServiceImpl:36 - Called api with the given details http://www.omdbapi.com/ Parameters {t=Atomic Kitten - Live at Wembley}
2017-01-08 14:50:36 INFO  ApiCallServiceImpl:36 - Called api with the given details http://www.omdbapi.com/ Parameters {t=Skid Row: Live at Wembley Stadium}
2017-01-08 14:50:36 INFO  ApiCallServiceImpl:36 - Called api with the given details http://www.omdbapi.com/ Parameters {t=Genesis - Live at Wembley Stadium}
2017-01-08 14:50:36 INFO  ApiCallServiceImpl:36 - Called api with the given details http://www.omdbapi.com/ Parameters {t=Level 42 - Live at Wembley}
2017-01-08 14:50:36 INFO  ApiCallServiceImpl:36 - Called api with the given details http://www.omdbapi.com/ Parameters {t=Biffy Clyro: Revolutions Live at Wembley}
2017-01-08 14:50:36 INFO  ApiCallServiceImpl:36 - Called api with the given details http://www.omdbapi.com/ Parameters {t=Ed Sheeran - Live At Wembley Stadium}
2017-01-08 14:50:37 INFO  ApiCallServiceImpl:70 - Response status SUCCESSFUL
2017-01-08 14:50:37 INFO  ApiCallServiceImpl:70 - Response status SUCCESSFUL
2017-01-08 14:50:37 INFO  ApiCallServiceImpl:70 - Response status SUCCESSFUL
2017-01-08 14:50:37 INFO  ApiCallServiceImpl:70 - Response status SUCCESSFUL
2017-01-08 14:50:37 INFO  ApiCallServiceImpl:70 - Response status SUCCESSFUL
2017-01-08 14:50:37 INFO  ApiCallServiceImpl:70 - Response status SUCCESSFUL
2017-01-08 14:50:37 INFO  ApiCallServiceImpl:70 - Response status SUCCESSFUL
2017-01-08 14:50:37 INFO  ApiCallServiceImpl:70 - Response status SUCCESSFUL
2017-01-08 14:50:37 INFO  ApiCallServiceImpl:70 - Response status SUCCESSFUL
2017-01-08 14:50:37 INFO  ApiCallServiceImpl:70 - Response status SUCCESSFUL
2017-01-08 14:50:37 INFO  ApiCallServiceImpl:70 - Response status SUCCESSFUL
2017-01-08 14:50:37 INFO  ApiCallServiceImpl:70 - Response status SUCCESSFUL
2017-01-08 14:50:37 INFO  ApiCallServiceImpl:70 - Response status SUCCESSFUL
2017-01-08 14:50:37 INFO  ApiCallServiceImpl:70 - Response status SUCCESSFUL
2017-01-08 14:50:37 INFO  ApiCallServiceImpl:70 - Response status SUCCESSFUL
2017-01-08 14:50:37 INFO  ApiCallServiceImpl:70 - Response status SUCCESSFUL
2017-01-08 14:50:37 INFO  ApiCallServiceImpl:70 - Response status SUCCESSFUL
2017-01-08 14:50:37 INFO  ApiCallServiceImpl:70 - Response status SUCCESSFUL
2017-01-08 14:50:37 INFO  ApiCallServiceImpl:70 - Response status SUCCESSFUL
2017-01-08 14:50:37 INFO  ApiCallServiceImpl:70 - Response status SUCCESSFUL
2017-01-08 14:51:07 INFO  DefaultTestContextBootstrapper:260 - Loaded default TestExecutionListener class names from location [META-INF/spring.factories]: [org.springframework.test.context.web.ServletTestExecutionListener, org.springframework.test.context.support.DirtiesContextBeforeModesTestExecutionListener, org.springframework.test.context.support.DependencyInjectionTestExecutionListener, org.springframework.test.context.support.DirtiesContextTestExecutionListener, org.springframework.test.context.transaction.TransactionalTestExecutionListener, org.springframework.test.context.jdbc.SqlScriptsTestExecutionListener]
2017-01-08 14:51:07 INFO  DefaultTestContextBootstrapper:209 - Could not instantiate TestExecutionListener [org.springframework.test.context.web.ServletTestExecutionListener]. Specify custom listener classes or make the default listener classes (and their required dependencies) available. Offending class: [javax/servlet/ServletContext]
2017-01-08 14:51:07 INFO  DefaultTestContextBootstrapper:209 - Could not instantiate TestExecutionListener [org.springframework.test.context.transaction.TransactionalTestExecutionListener]. Specify custom listener classes or make the default listener classes (and their required dependencies) available. Offending class: [org/springframework/transaction/TransactionDefinition]
2017-01-08 14:51:07 INFO  DefaultTestContextBootstrapper:209 - Could not instantiate TestExecutionListener [org.springframework.test.context.jdbc.SqlScriptsTestExecutionListener]. Specify custom listener classes or make the default listener classes (and their required dependencies) available. Offending class: [org/springframework/transaction/interceptor/TransactionAttribute]
2017-01-08 14:51:07 INFO  DefaultTestContextBootstrapper:187 - Using TestExecutionListeners: [org.springframework.test.context.support.DirtiesContextBeforeModesTestExecutionListener@6f7fd0e6, org.springframework.test.context.support.DependencyInjectionTestExecutionListener@47c62251, org.springframework.test.context.support.DirtiesContextTestExecutionListener@3e6fa38a]
2017-01-08 14:51:08 INFO  XmlBeanDefinitionReader:317 - Loading XML bean definitions from class path resource [applicationContext.xml]
2017-01-08 14:51:08 INFO  GenericApplicationContext:581 - Refreshing org.springframework.context.support.GenericApplicationContext@29ca901e: startup date [Sun Jan 08 14:51:08 GMT 2017]; root of context hierarchy
2017-01-08 14:51:08 INFO  DefaultTestContextBootstrapper:260 - Loaded default TestExecutionListener class names from location [META-INF/spring.factories]: [org.springframework.test.context.web.ServletTestExecutionListener, org.springframework.test.context.support.DirtiesContextBeforeModesTestExecutionListener, org.springframework.test.context.support.DependencyInjectionTestExecutionListener, org.springframework.test.context.support.DirtiesContextTestExecutionListener, org.springframework.test.context.transaction.TransactionalTestExecutionListener, org.springframework.test.context.jdbc.SqlScriptsTestExecutionListener]
2017-01-08 14:51:08 INFO  DefaultTestContextBootstrapper:209 - Could not instantiate TestExecutionListener [org.springframework.test.context.web.ServletTestExecutionListener]. Specify custom listener classes or make the default listener classes (and their required dependencies) available. Offending class: [javax/servlet/ServletContext]
2017-01-08 14:51:08 INFO  DefaultTestContextBootstrapper:209 - Could not instantiate TestExecutionListener [org.springframework.test.context.transaction.TransactionalTestExecutionListener]. Specify custom listener classes or make the default listener classes (and their required dependencies) available. Offending class: [org/springframework/transaction/TransactionDefinition]
2017-01-08 14:51:08 INFO  DefaultTestContextBootstrapper:209 - Could not instantiate TestExecutionListener [org.springframework.test.context.jdbc.SqlScriptsTestExecutionListener]. Specify custom listener classes or make the default listener classes (and their required dependencies) available. Offending class: [org/springframework/transaction/interceptor/TransactionAttribute]
2017-01-08 14:51:08 INFO  DefaultTestContextBootstrapper:187 - Using TestExecutionListeners: [org.springframework.test.context.support.DirtiesContextBeforeModesTestExecutionListener@52bf72b5, org.springframework.test.context.support.DependencyInjectionTestExecutionListener@37afeb11, org.springframework.test.context.support.DirtiesContextTestExecutionListener@515aebb0]
2017-01-08 14:51:09 INFO  ApiCallServiceImpl:36 - Called api with the given details http://api.themoviedb.org/3/search/movie Parameters {api_key=INSERT_CORRUPTED_KEY, query=placeHolder}
2017-01-08 14:51:10 INFO  ApiCallServiceImpl:70 - Response status CLIENT_ERROR
2017-01-08 14:51:10 INFO  GenericApplicationContext:982 - Closing org.springframework.context.support.GenericApplicationContext@29ca901e: startup date [Sun Jan 08 14:51:08 GMT 2017]; root of context hierarchy
2017-01-08 14:51:14 INFO  ClassPathXmlApplicationContext:581 - Refreshing org.springframework.context.support.ClassPathXmlApplicationContext@277c0f21: startup date [Sun Jan 08 14:51:14 GMT 2017]; root of context hierarchy
2017-01-08 14:51:15 INFO  XmlBeanDefinitionReader:317 - Loading XML bean definitions from class path resource [applicationContext.xml]
2017-01-08 14:51:16 INFO  AbstractQueryHandler:91 - Returned handler com.handlers.InputQueryMovieHandlerImpl@2e3fc542 for the given api themoviedbapi
2017-01-08 14:51:16 INFO  ApiCallServiceImpl:36 - Called api with the given details http://api.themoviedb.org/3/search/movie Parameters {api_key=08ec52a84fdc9c6236295533b241335b, query=Live At Wembley}
2017-01-08 14:51:17 INFO  ApiCallServiceImpl:70 - Response status SUCCESSFUL
2017-01-08 14:51:18 INFO  ApiCallServiceImpl:94 - Called helper api with the given details http://www.omdbapi.com/ Parameters t
2017-01-08 14:51:18 INFO  ApiCallServiceImpl:36 - Called api with the given details http://www.omdbapi.com/ Parameters {t=Babymetal - Live at Wembley}
2017-01-08 14:51:18 INFO  ApiCallServiceImpl:36 - Called api with the given details http://www.omdbapi.com/ Parameters {t=Bad Company - Live at Wembley}
2017-01-08 14:51:18 INFO  ApiCallServiceImpl:36 - Called api with the given details http://www.omdbapi.com/ Parameters {t=Oasis - Live at Wembley Arena}
2017-01-08 14:51:18 INFO  ApiCallServiceImpl:36 - Called api with the given details http://www.omdbapi.com/ Parameters {t=Metallica: [2007] Live at Wembley}
2017-01-08 14:51:18 INFO  ApiCallServiceImpl:36 - Called api with the given details http://www.omdbapi.com/ Parameters {t=Spice Girls: Live at Wembley Stadium}
2017-01-08 14:51:18 INFO  ApiCallServiceImpl:36 - Called api with the given details http://www.omdbapi.com/ Parameters {t=Queen: Live at Wembley Stadium}
2017-01-08 14:51:18 INFO  ApiCallServiceImpl:36 - Called api with the given details http://www.omdbapi.com/ Parameters {t=Dire Straits: Live at Wembley}
2017-01-08 14:51:18 INFO  ApiCallServiceImpl:36 - Called api with the given details http://www.omdbapi.com/ Parameters {t=Skid Row: Live at Wembley Stadium}
2017-01-08 14:51:18 INFO  ApiCallServiceImpl:36 - Called api with the given details http://www.omdbapi.com/ Parameters {t=Atomic Kitten - Live at Wembley}
2017-01-08 14:51:18 INFO  ApiCallServiceImpl:36 - Called api with the given details http://www.omdbapi.com/ Parameters {t=Genesis - Live at Wembley Stadium}
2017-01-08 14:51:18 INFO  ApiCallServiceImpl:36 - Called api with the given details http://www.omdbapi.com/ Parameters {t=Level 42 - Live at Wembley}
2017-01-08 14:51:18 INFO  ApiCallServiceImpl:36 - Called api with the given details http://www.omdbapi.com/ Parameters {t=Ed Sheeran - Live At Wembley Stadium}
2017-01-08 14:51:18 INFO  ApiCallServiceImpl:36 - Called api with the given details http://www.omdbapi.com/ Parameters {t=Girls Aloud: Live at Wembley}
2017-01-08 14:51:18 INFO  ApiCallServiceImpl:36 - Called api with the given details http://www.omdbapi.com/ Parameters {t=Duran Duran - Live At Wembley}
2017-01-08 14:51:18 INFO  ApiCallServiceImpl:36 - Called api with the given details http://www.omdbapi.com/ Parameters {t=Alter Bridge: Live at Wembley}
2017-01-08 14:51:18 INFO  ApiCallServiceImpl:36 - Called api with the given details http://www.omdbapi.com/ Parameters {t=Beyoncé: Live at Wembley}
2017-01-08 14:51:18 INFO  ApiCallServiceImpl:36 - Called api with the given details http://www.omdbapi.com/ Parameters {t=Meat Loaf Live At Wembley 1982}
2017-01-08 14:51:18 INFO  ApiCallServiceImpl:36 - Called api with the given details http://www.omdbapi.com/ Parameters {t=Foo Fighters: Live at Wembley Stadium}
2017-01-08 14:51:18 INFO  ApiCallServiceImpl:36 - Called api with the given details http://www.omdbapi.com/ Parameters {t=Bring Me the Horizon: Live at Wembley}
2017-01-08 14:51:18 INFO  ApiCallServiceImpl:36 - Called api with the given details http://www.omdbapi.com/ Parameters {t=Biffy Clyro: Revolutions Live at Wembley}
2017-01-08 14:51:20 INFO  ApiCallServiceImpl:70 - Response status SUCCESSFUL
2017-01-08 14:51:20 INFO  ApiCallServiceImpl:70 - Response status SUCCESSFUL
2017-01-08 14:51:20 INFO  ApiCallServiceImpl:70 - Response status SUCCESSFUL
2017-01-08 14:51:20 INFO  ApiCallServiceImpl:70 - Response status SUCCESSFUL
2017-01-08 14:51:20 INFO  ApiCallServiceImpl:70 - Response status SUCCESSFUL
2017-01-08 14:51:20 INFO  ApiCallServiceImpl:70 - Response status SUCCESSFUL
2017-01-08 14:51:20 INFO  ApiCallServiceImpl:70 - Response status SUCCESSFUL
2017-01-08 14:51:20 INFO  ApiCallServiceImpl:70 - Response status SUCCESSFUL
2017-01-08 14:51:20 INFO  ApiCallServiceImpl:70 - Response status SUCCESSFUL
2017-01-08 14:51:20 INFO  ApiCallServiceImpl:70 - Response status SUCCESSFUL
2017-01-08 14:51:20 INFO  ApiCallServiceImpl:70 - Response status SUCCESSFUL
2017-01-08 14:51:20 INFO  ApiCallServiceImpl:70 - Response status SUCCESSFUL
2017-01-08 14:51:20 INFO  ApiCallServiceImpl:70 - Response status SUCCESSFUL
2017-01-08 14:51:20 INFO  ApiCallServiceImpl:70 - Response status SUCCESSFUL
2017-01-08 14:51:20 INFO  ApiCallServiceImpl:70 - Response status SUCCESSFUL
2017-01-08 14:51:20 INFO  ApiCallServiceImpl:70 - Response status SUCCESSFUL
2017-01-08 14:51:20 INFO  ApiCallServiceImpl:70 - Response status SUCCESSFUL
2017-01-08 14:51:20 INFO  ApiCallServiceImpl:70 - Response status SUCCESSFUL
2017-01-08 14:51:20 INFO  ApiCallServiceImpl:70 - Response status SUCCESSFUL
2017-01-08 14:51:20 INFO  ApiCallServiceImpl:70 - Response status SUCCESSFUL
2017-01-08 14:52:26 INFO  DefaultTestContextBootstrapper:260 - Loaded default TestExecutionListener class names from location [META-INF/spring.factories]: [org.springframework.test.context.web.ServletTestExecutionListener, org.springframework.test.context.support.DirtiesContextBeforeModesTestExecutionListener, org.springframework.test.context.support.DependencyInjectionTestExecutionListener, org.springframework.test.context.support.DirtiesContextTestExecutionListener, org.springframework.test.context.transaction.TransactionalTestExecutionListener, org.springframework.test.context.jdbc.SqlScriptsTestExecutionListener]
2017-01-08 14:52:26 INFO  DefaultTestContextBootstrapper:209 - Could not instantiate TestExecutionListener [org.springframework.test.context.web.ServletTestExecutionListener]. Specify custom listener classes or make the default listener classes (and their required dependencies) available. Offending class: [javax/servlet/ServletContext]
2017-01-08 14:52:26 INFO  DefaultTestContextBootstrapper:209 - Could not instantiate TestExecutionListener [org.springframework.test.context.transaction.TransactionalTestExecutionListener]. Specify custom listener classes or make the default listener classes (and their required dependencies) available. Offending class: [org/springframework/transaction/TransactionDefinition]
2017-01-08 14:52:26 INFO  DefaultTestContextBootstrapper:209 - Could not instantiate TestExecutionListener [org.springframework.test.context.jdbc.SqlScriptsTestExecutionListener]. Specify custom listener classes or make the default listener classes (and their required dependencies) available. Offending class: [org/springframework/transaction/interceptor/TransactionAttribute]
2017-01-08 14:52:26 INFO  DefaultTestContextBootstrapper:187 - Using TestExecutionListeners: [org.springframework.test.context.support.DirtiesContextBeforeModesTestExecutionListener@6f7fd0e6, org.springframework.test.context.support.DependencyInjectionTestExecutionListener@47c62251, org.springframework.test.context.support.DirtiesContextTestExecutionListener@3e6fa38a]
2017-01-08 14:52:26 INFO  XmlBeanDefinitionReader:317 - Loading XML bean definitions from class path resource [applicationContext.xml]
2017-01-08 14:52:26 INFO  GenericApplicationContext:581 - Refreshing org.springframework.context.support.GenericApplicationContext@29ca901e: startup date [Sun Jan 08 14:52:26 GMT 2017]; root of context hierarchy
2017-01-08 14:52:26 INFO  DefaultTestContextBootstrapper:260 - Loaded default TestExecutionListener class names from location [META-INF/spring.factories]: [org.springframework.test.context.web.ServletTestExecutionListener, org.springframework.test.context.support.DirtiesContextBeforeModesTestExecutionListener, org.springframework.test.context.support.DependencyInjectionTestExecutionListener, org.springframework.test.context.support.DirtiesContextTestExecutionListener, org.springframework.test.context.transaction.TransactionalTestExecutionListener, org.springframework.test.context.jdbc.SqlScriptsTestExecutionListener]
2017-01-08 14:52:26 INFO  DefaultTestContextBootstrapper:209 - Could not instantiate TestExecutionListener [org.springframework.test.context.web.ServletTestExecutionListener]. Specify custom listener classes or make the default listener classes (and their required dependencies) available. Offending class: [javax/servlet/ServletContext]
2017-01-08 14:52:26 INFO  DefaultTestContextBootstrapper:209 - Could not instantiate TestExecutionListener [org.springframework.test.context.transaction.TransactionalTestExecutionListener]. Specify custom listener classes or make the default listener classes (and their required dependencies) available. Offending class: [org/springframework/transaction/TransactionDefinition]
2017-01-08 14:52:26 INFO  DefaultTestContextBootstrapper:209 - Could not instantiate TestExecutionListener [org.springframework.test.context.jdbc.SqlScriptsTestExecutionListener]. Specify custom listener classes or make the default listener classes (and their required dependencies) available. Offending class: [org/springframework/transaction/interceptor/TransactionAttribute]
2017-01-08 14:52:26 INFO  DefaultTestContextBootstrapper:187 - Using TestExecutionListeners: [org.springframework.test.context.support.DirtiesContextBeforeModesTestExecutionListener@52bf72b5, org.springframework.test.context.support.DependencyInjectionTestExecutionListener@37afeb11, org.springframework.test.context.support.DirtiesContextTestExecutionListener@515aebb0]
2017-01-08 14:52:27 INFO  ApiCallServiceImpl:36 - Called api with the given details http://api.themoviedb.org/3/search/movie Parameters {api_key=INSERT_CORRUPTED_KEY, query=placeHolder}
2017-01-08 14:52:27 INFO  ApiCallServiceImpl:70 - Response status CLIENT_ERROR
2017-01-08 14:52:27 INFO  GenericApplicationContext:982 - Closing org.springframework.context.support.GenericApplicationContext@29ca901e: startup date [Sun Jan 08 14:52:26 GMT 2017]; root of context hierarchy
2017-01-08 14:58:14 INFO  ClassPathXmlApplicationContext:581 - Refreshing org.springframework.context.support.ClassPathXmlApplicationContext@277c0f21: startup date [Sun Jan 08 14:58:14 GMT 2017]; root of context hierarchy
2017-01-08 14:58:14 INFO  XmlBeanDefinitionReader:317 - Loading XML bean definitions from class path resource [applicationContext.xml]
2017-01-08 14:58:15 INFO  AbstractQueryHandler:91 - Returned handler com.handlers.InputQueryMovieHandlerImpl@2e3fc542 for the given api themoviedbapi
2017-01-08 14:58:15 INFO  ApiCallServiceImpl:36 - Called api with the given details http://api.themoviedb.org/3/search/movie Parameters {api_key=08ec52a84fdc9c6236295533b241335b, query=Live At Wembley}
2017-01-08 14:58:16 INFO  ApiCallServiceImpl:70 - Response status SUCCESSFUL
2017-01-08 14:58:16 INFO  ApiCallServiceImpl:94 - Called helper api with the given details http://www.omdbapi.com/ Parameters t
2017-01-08 14:58:16 INFO  ApiCallServiceImpl:36 - Called api with the given details http://www.omdbapi.com/ Parameters {t=Bad Company - Live at Wembley}
2017-01-08 14:58:16 INFO  ApiCallServiceImpl:36 - Called api with the given details http://www.omdbapi.com/ Parameters {t=Babymetal - Live at Wembley}
2017-01-08 14:58:16 INFO  ApiCallServiceImpl:36 - Called api with the given details http://www.omdbapi.com/ Parameters {t=Oasis - Live at Wembley Arena}
2017-01-08 14:58:16 INFO  ApiCallServiceImpl:36 - Called api with the given details http://www.omdbapi.com/ Parameters {t=Metallica: [2007] Live at Wembley}
2017-01-08 14:58:16 INFO  ApiCallServiceImpl:36 - Called api with the given details http://www.omdbapi.com/ Parameters {t=Spice Girls: Live at Wembley Stadium}
2017-01-08 14:58:16 INFO  ApiCallServiceImpl:36 - Called api with the given details http://www.omdbapi.com/ Parameters {t=Queen: Live at Wembley Stadium}
2017-01-08 14:58:16 INFO  ApiCallServiceImpl:36 - Called api with the given details http://www.omdbapi.com/ Parameters {t=Dire Straits: Live at Wembley}
2017-01-08 14:58:16 INFO  ApiCallServiceImpl:36 - Called api with the given details http://www.omdbapi.com/ Parameters {t=Beyoncé: Live at Wembley}
2017-01-08 14:58:16 INFO  ApiCallServiceImpl:36 - Called api with the given details http://www.omdbapi.com/ Parameters {t=Bring Me the Horizon: Live at Wembley}
2017-01-08 14:58:16 INFO  ApiCallServiceImpl:36 - Called api with the given details http://www.omdbapi.com/ Parameters {t=Foo Fighters: Live at Wembley Stadium}
2017-01-08 14:58:16 INFO  ApiCallServiceImpl:36 - Called api with the given details http://www.omdbapi.com/ Parameters {t=Duran Duran - Live At Wembley}
2017-01-08 14:58:16 INFO  ApiCallServiceImpl:36 - Called api with the given details http://www.omdbapi.com/ Parameters {t=Alter Bridge: Live at Wembley}
2017-01-08 14:58:16 INFO  ApiCallServiceImpl:36 - Called api with the given details http://www.omdbapi.com/ Parameters {t=Meat Loaf Live At Wembley 1982}
2017-01-08 14:58:16 INFO  ApiCallServiceImpl:36 - Called api with the given details http://www.omdbapi.com/ Parameters {t=Girls Aloud: Live at Wembley}
2017-01-08 14:58:16 INFO  ApiCallServiceImpl:36 - Called api with the given details http://www.omdbapi.com/ Parameters {t=Ed Sheeran - Live At Wembley Stadium}
2017-01-08 14:58:16 INFO  ApiCallServiceImpl:36 - Called api with the given details http://www.omdbapi.com/ Parameters {t=Level 42 - Live at Wembley}
2017-01-08 14:58:16 INFO  ApiCallServiceImpl:36 - Called api with the given details http://www.omdbapi.com/ Parameters {t=Skid Row: Live at Wembley Stadium}
2017-01-08 14:58:16 INFO  ApiCallServiceImpl:36 - Called api with the given details http://www.omdbapi.com/ Parameters {t=Atomic Kitten - Live at Wembley}
2017-01-08 14:58:16 INFO  ApiCallServiceImpl:36 - Called api with the given details http://www.omdbapi.com/ Parameters {t=Genesis - Live at Wembley Stadium}
2017-01-08 14:58:16 INFO  ApiCallServiceImpl:36 - Called api with the given details http://www.omdbapi.com/ Parameters {t=Biffy Clyro: Revolutions Live at Wembley}
2017-01-08 14:58:17 INFO  ApiCallServiceImpl:70 - Response status SUCCESSFUL
2017-01-08 14:58:17 INFO  ApiCallServiceImpl:70 - Response status SUCCESSFUL
2017-01-08 14:58:17 INFO  ApiCallServiceImpl:70 - Response status SUCCESSFUL
2017-01-08 14:58:17 INFO  ApiCallServiceImpl:70 - Response status SUCCESSFUL
2017-01-08 14:58:17 INFO  ApiCallServiceImpl:70 - Response status SUCCESSFUL
2017-01-08 14:58:17 INFO  ApiCallServiceImpl:70 - Response status SUCCESSFUL
2017-01-08 14:58:17 INFO  ApiCallServiceImpl:70 - Response status SUCCESSFUL
2017-01-08 14:58:17 INFO  ApiCallServiceImpl:70 - Response status SUCCESSFUL
2017-01-08 14:58:17 INFO  ApiCallServiceImpl:70 - Response status SUCCESSFUL
2017-01-08 14:58:17 INFO  ApiCallServiceImpl:70 - Response status SUCCESSFUL
2017-01-08 14:58:17 INFO  ApiCallServiceImpl:70 - Response status SUCCESSFUL
2017-01-08 14:58:17 INFO  ApiCallServiceImpl:70 - Response status SUCCESSFUL
2017-01-08 14:58:17 INFO  ApiCallServiceImpl:70 - Response status SUCCESSFUL
2017-01-08 14:58:17 INFO  ApiCallServiceImpl:70 - Response status SUCCESSFUL
2017-01-08 14:58:17 INFO  ApiCallServiceImpl:70 - Response status SUCCESSFUL
2017-01-08 14:58:17 INFO  ApiCallServiceImpl:70 - Response status SUCCESSFUL
2017-01-08 14:58:17 INFO  ApiCallServiceImpl:70 - Response status SUCCESSFUL
2017-01-08 14:58:17 INFO  ApiCallServiceImpl:70 - Response status SUCCESSFUL
2017-01-08 14:58:17 INFO  ApiCallServiceImpl:70 - Response status SUCCESSFUL
2017-01-08 14:58:17 INFO  ApiCallServiceImpl:70 - Response status SUCCESSFUL
2017-01-08 14:58:28 INFO  ClassPathXmlApplicationContext:581 - Refreshing org.springframework.context.support.ClassPathXmlApplicationContext@277c0f21: startup date [Sun Jan 08 14:58:28 GMT 2017]; root of context hierarchy
2017-01-08 14:58:29 INFO  XmlBeanDefinitionReader:317 - Loading XML bean definitions from class path resource [applicationContext.xml]
2017-01-08 14:58:29 INFO  AbstractQueryHandler:91 - Returned handler com.handlers.InputQueryMovieHandlerImpl@2e3fc542 for the given api themoviedbapi
2017-01-08 14:58:29 INFO  ApiCallServiceImpl:36 - Called api with the given details http://api.themoviedb.org/3/search/movie Parameters {api_key=08ec52a84fdc9c6236295533b241335, query=Live At Wembley}
2017-01-08 14:58:30 INFO  ApiCallServiceImpl:70 - Response status CLIENT_ERROR
2017-01-08 14:58:30 ERROR LoadInputQuery:39 - Exception occurred 
com.services.APIException: Error calling the api 401
	at com.services.ApiCallServiceImpl.parseApiResponse(ApiCallServiceImpl.java:73)
	at com.handlers.InputQueryMovieHandlerImpl.handle(InputQueryMovieHandlerImpl.java:26)
	at com.ksubaka.LoadInputQuery.processInput(LoadInputQuery.java:73)
	at com.ksubaka.LoadInputQuery.main(LoadInputQuery.java:34)
	at sun.reflect.NativeMethodAccessorImpl.invoke0(Native Method)
	at sun.reflect.NativeMethodAccessorImpl.invoke(NativeMethodAccessorImpl.java:62)
	at sun.reflect.DelegatingMethodAccessorImpl.invoke(DelegatingMethodAccessorImpl.java:43)
	at java.lang.reflect.Method.invoke(Method.java:498)
	at com.intellij.rt.execution.application.AppMain.main(AppMain.java:147)
2017-01-08 14:59:10 INFO  ClassPathXmlApplicationContext:581 - Refreshing org.springframework.context.support.ClassPathXmlApplicationContext@277c0f21: startup date [Sun Jan 08 14:59:10 GMT 2017]; root of context hierarchy
2017-01-08 14:59:10 INFO  XmlBeanDefinitionReader:317 - Loading XML bean definitions from class path resource [applicationContext.xml]
2017-01-08 14:59:11 INFO  AbstractQueryHandler:91 - Returned handler com.handlers.InputQueryMovieHandlerImpl@2e3fc542 for the given api themoviedbapi
2017-01-08 14:59:11 INFO  ApiCallServiceImpl:36 - Called api with the given details http://api.themoviedb.org/3/search/movie Parameters {api_key=08ec52a84fdc9c6236295533b241335b, query=Live At Wembley}
2017-01-08 14:59:12 INFO  ApiCallServiceImpl:70 - Response status SUCCESSFUL
2017-01-08 14:59:12 INFO  ApiCallServiceImpl:94 - Called helper api with the given details http://www.omdbapi.com/ Parameters t
2017-01-08 14:59:12 INFO  ApiCallServiceImpl:36 - Called api with the given details http://www.omdbapi.com/ Parameters {t=Bad Company - Live at Wembley}
2017-01-08 14:59:12 INFO  ApiCallServiceImpl:36 - Called api with the given details http://www.omdbapi.com/ Parameters {t=Oasis - Live at Wembley Arena}
2017-01-08 14:59:12 INFO  ApiCallServiceImpl:36 - Called api with the given details http://www.omdbapi.com/ Parameters {t=Babymetal - Live at Wembley}
2017-01-08 14:59:12 INFO  ApiCallServiceImpl:36 - Called api with the given details http://www.omdbapi.com/ Parameters {t=Spice Girls: Live at Wembley Stadium}
2017-01-08 14:59:12 INFO  ApiCallServiceImpl:36 - Called api with the given details http://www.omdbapi.com/ Parameters {t=Metallica: [2007] Live at Wembley}
2017-01-08 14:59:12 INFO  ApiCallServiceImpl:36 - Called api with the given details http://www.omdbapi.com/ Parameters {t=Queen: Live at Wembley Stadium}
2017-01-08 14:59:12 INFO  ApiCallServiceImpl:36 - Called api with the given details http://www.omdbapi.com/ Parameters {t=Dire Straits: Live at Wembley}
2017-01-08 14:59:12 INFO  ApiCallServiceImpl:36 - Called api with the given details http://www.omdbapi.com/ Parameters {t=Beyoncé: Live at Wembley}
2017-01-08 14:59:12 INFO  ApiCallServiceImpl:36 - Called api with the given details http://www.omdbapi.com/ Parameters {t=Bring Me the Horizon: Live at Wembley}
2017-01-08 14:59:12 INFO  ApiCallServiceImpl:36 - Called api with the given details http://www.omdbapi.com/ Parameters {t=Foo Fighters: Live at Wembley Stadium}
2017-01-08 14:59:12 INFO  ApiCallServiceImpl:36 - Called api with the given details http://www.omdbapi.com/ Parameters {t=Meat Loaf Live At Wembley 1982}
2017-01-08 14:59:12 INFO  ApiCallServiceImpl:36 - Called api with the given details http://www.omdbapi.com/ Parameters {t=Alter Bridge: Live at Wembley}
2017-01-08 14:59:12 INFO  ApiCallServiceImpl:36 - Called api with the given details http://www.omdbapi.com/ Parameters {t=Duran Duran - Live At Wembley}
2017-01-08 14:59:12 INFO  ApiCallServiceImpl:36 - Called api with the given details http://www.omdbapi.com/ Parameters {t=Girls Aloud: Live at Wembley}
2017-01-08 14:59:12 INFO  ApiCallServiceImpl:36 - Called api with the given details http://www.omdbapi.com/ Parameters {t=Genesis - Live at Wembley Stadium}
2017-01-08 14:59:12 INFO  ApiCallServiceImpl:36 - Called api with the given details http://www.omdbapi.com/ Parameters {t=Atomic Kitten - Live at Wembley}
2017-01-08 14:59:12 INFO  ApiCallServiceImpl:36 - Called api with the given details http://www.omdbapi.com/ Parameters {t=Level 42 - Live at Wembley}
2017-01-08 14:59:12 INFO  ApiCallServiceImpl:36 - Called api with the given details http://www.omdbapi.com/ Parameters {t=Skid Row: Live at Wembley Stadium}
2017-01-08 14:59:13 INFO  ApiCallServiceImpl:36 - Called api with the given details http://www.omdbapi.com/ Parameters {t=Ed Sheeran - Live At Wembley Stadium}
2017-01-08 14:59:13 INFO  ApiCallServiceImpl:36 - Called api with the given details http://www.omdbapi.com/ Parameters {t=Biffy Clyro: Revolutions Live at Wembley}
2017-01-08 14:59:14 INFO  ApiCallServiceImpl:70 - Response status SUCCESSFUL
2017-01-08 14:59:14 INFO  ApiCallServiceImpl:70 - Response status SUCCESSFUL
2017-01-08 14:59:14 INFO  ApiCallServiceImpl:70 - Response status SUCCESSFUL
2017-01-08 14:59:14 INFO  ApiCallServiceImpl:70 - Response status SUCCESSFUL
2017-01-08 14:59:14 INFO  ApiCallServiceImpl:70 - Response status SUCCESSFUL
2017-01-08 14:59:14 INFO  ApiCallServiceImpl:70 - Response status SUCCESSFUL
2017-01-08 14:59:14 INFO  ApiCallServiceImpl:70 - Response status SUCCESSFUL
2017-01-08 14:59:14 INFO  ApiCallServiceImpl:70 - Response status SUCCESSFUL
2017-01-08 14:59:14 INFO  ApiCallServiceImpl:70 - Response status SUCCESSFUL
2017-01-08 14:59:14 INFO  ApiCallServiceImpl:70 - Response status SUCCESSFUL
2017-01-08 14:59:14 INFO  ApiCallServiceImpl:70 - Response status SUCCESSFUL
2017-01-08 14:59:14 INFO  ApiCallServiceImpl:70 - Response status SUCCESSFUL
2017-01-08 14:59:14 INFO  ApiCallServiceImpl:70 - Response status SUCCESSFUL
2017-01-08 14:59:14 INFO  ApiCallServiceImpl:70 - Response status SUCCESSFUL
2017-01-08 14:59:14 INFO  ApiCallServiceImpl:70 - Response status SUCCESSFUL
2017-01-08 14:59:14 INFO  ApiCallServiceImpl:70 - Response status SUCCESSFUL
2017-01-08 14:59:14 INFO  ApiCallServiceImpl:70 - Response status SUCCESSFUL
2017-01-08 14:59:14 INFO  ApiCallServiceImpl:70 - Response status SUCCESSFUL
2017-01-08 14:59:14 INFO  ApiCallServiceImpl:70 - Response status SUCCESSFUL
2017-01-08 14:59:14 INFO  ApiCallServiceImpl:70 - Response status SUCCESSFUL
2017-01-08 14:59:38 INFO  DefaultTestContextBootstrapper:260 - Loaded default TestExecutionListener class names from location [META-INF/spring.factories]: [org.springframework.test.context.web.ServletTestExecutionListener, org.springframework.test.context.support.DirtiesContextBeforeModesTestExecutionListener, org.springframework.test.context.support.DependencyInjectionTestExecutionListener, org.springframework.test.context.support.DirtiesContextTestExecutionListener, org.springframework.test.context.transaction.TransactionalTestExecutionListener, org.springframework.test.context.jdbc.SqlScriptsTestExecutionListener]
2017-01-08 14:59:38 INFO  DefaultTestContextBootstrapper:209 - Could not instantiate TestExecutionListener [org.springframework.test.context.web.ServletTestExecutionListener]. Specify custom listener classes or make the default listener classes (and their required dependencies) available. Offending class: [javax/servlet/ServletContext]
2017-01-08 14:59:38 INFO  DefaultTestContextBootstrapper:209 - Could not instantiate TestExecutionListener [org.springframework.test.context.transaction.TransactionalTestExecutionListener]. Specify custom listener classes or make the default listener classes (and their required dependencies) available. Offending class: [org/springframework/transaction/TransactionDefinition]
2017-01-08 14:59:38 INFO  DefaultTestContextBootstrapper:209 - Could not instantiate TestExecutionListener [org.springframework.test.context.jdbc.SqlScriptsTestExecutionListener]. Specify custom listener classes or make the default listener classes (and their required dependencies) available. Offending class: [org/springframework/transaction/interceptor/TransactionAttribute]
2017-01-08 14:59:38 INFO  DefaultTestContextBootstrapper:187 - Using TestExecutionListeners: [org.springframework.test.context.support.DirtiesContextBeforeModesTestExecutionListener@6f7fd0e6, org.springframework.test.context.support.DependencyInjectionTestExecutionListener@47c62251, org.springframework.test.context.support.DirtiesContextTestExecutionListener@3e6fa38a]
2017-01-08 14:59:38 INFO  XmlBeanDefinitionReader:317 - Loading XML bean definitions from class path resource [applicationContext.xml]
2017-01-08 14:59:38 INFO  GenericApplicationContext:581 - Refreshing org.springframework.context.support.GenericApplicationContext@29ca901e: startup date [Sun Jan 08 14:59:38 GMT 2017]; root of context hierarchy
2017-01-08 14:59:39 INFO  DefaultTestContextBootstrapper:260 - Loaded default TestExecutionListener class names from location [META-INF/spring.factories]: [org.springframework.test.context.web.ServletTestExecutionListener, org.springframework.test.context.support.DirtiesContextBeforeModesTestExecutionListener, org.springframework.test.context.support.DependencyInjectionTestExecutionListener, org.springframework.test.context.support.DirtiesContextTestExecutionListener, org.springframework.test.context.transaction.TransactionalTestExecutionListener, org.springframework.test.context.jdbc.SqlScriptsTestExecutionListener]
2017-01-08 14:59:39 INFO  DefaultTestContextBootstrapper:209 - Could not instantiate TestExecutionListener [org.springframework.test.context.web.ServletTestExecutionListener]. Specify custom listener classes or make the default listener classes (and their required dependencies) available. Offending class: [javax/servlet/ServletContext]
2017-01-08 14:59:39 INFO  DefaultTestContextBootstrapper:209 - Could not instantiate TestExecutionListener [org.springframework.test.context.transaction.TransactionalTestExecutionListener]. Specify custom listener classes or make the default listener classes (and their required dependencies) available. Offending class: [org/springframework/transaction/TransactionDefinition]
2017-01-08 14:59:39 INFO  DefaultTestContextBootstrapper:209 - Could not instantiate TestExecutionListener [org.springframework.test.context.jdbc.SqlScriptsTestExecutionListener]. Specify custom listener classes or make the default listener classes (and their required dependencies) available. Offending class: [org/springframework/transaction/interceptor/TransactionAttribute]
2017-01-08 14:59:39 INFO  DefaultTestContextBootstrapper:187 - Using TestExecutionListeners: [org.springframework.test.context.support.DirtiesContextBeforeModesTestExecutionListener@52bf72b5, org.springframework.test.context.support.DependencyInjectionTestExecutionListener@37afeb11, org.springframework.test.context.support.DirtiesContextTestExecutionListener@515aebb0]
2017-01-08 14:59:39 INFO  ApiCallServiceImpl:36 - Called api with the given details http://api.themoviedb.org/3/search/movie Parameters {api_key=INSERT_CORRUPTED_KEY, query=placeHolder}
2017-01-08 14:59:39 INFO  ApiCallServiceImpl:70 - Response status CLIENT_ERROR
2017-01-08 14:59:39 INFO  GenericApplicationContext:982 - Closing org.springframework.context.support.GenericApplicationContext@29ca901e: startup date [Sun Jan 08 14:59:38 GMT 2017]; root of context hierarchy
